# JRE version: OpenJDK Runtime Environment GraalVM CE 22.3.0 (17.0.5+8) (build 17.0.5+8-jvmci-22.3-b08)
# Java VM: OpenJDK 64-Bit Server VM GraalVM CE 22.3.0 (17.0.5+8-jvmci-22.3-b08, mixed mode, sharing, tiered, jvmci, jvmci compiler, compressed oops, compressed class ptrs, parallel gc, linux-amd64)
GC Precious Log:
 CPUs: 8 total, 1 available
 Memory: 1024M
 Large Page Support: Disabled
 NUMA Support: Disabled
 Compressed Oops: Enabled (32-bit)
 Alignments: Space 512K, Generation 512K, Heap 2M
 Heap Min Capacity: 100M
 Heap Initial Capacity: 100M
 Heap Max Capacity: 512M
 Pre-touch: Disabled
 Parallel Workers: 1
Heap:
 PSYoungGen      total 38912K, used 28173K [0x00000000f5580000, 0x00000000faf80000, 0x0000000100000000)
  eden space 23552K, 100% used [0x00000000f5580000,0x00000000f6c80000,0x00000000f6c80000)
  from space 15360K, 30% used [0x00000000f6c80000,0x00000000f71036f8,0x00000000f7b80000)
  to   space 32768K, 0% used [0x00000000f8f80000,0x00000000f8f80000,0x00000000faf80000)
 ParOldGen       total 349696K, used 349695K [0x00000000e0000000, 0x00000000f5580000, 0x00000000f5580000)
  object space 349696K, 99% used [0x00000000e0000000,0x00000000f557ff70,0x00000000f5580000)
 Metaspace       used 58911K, committed 60032K, reserved 1105920K
  class space    used 5884K, committed 6400K, reserved 1048576K
GC Heap History (20 events):
Event: 1149.300 GC heap before
{Heap before GC invocations=593 (full 480):
 PSYoungGen      total 38912K, used 28173K [0x00000000f5580000, 0x00000000faf80000, 0x0000000100000000)
  eden space 23552K, 100% used [0x00000000f5580000,0x00000000f6c80000,0x00000000f6c80000)
  from space 15360K, 30% used [0x00000000f6c80000,0x00000000f71036f8,0x00000000f7b80000)
  to   space 32768K, 0% used [0x00000000f8f80000,0x00000000f8f80000,0x00000000faf80000)
 ParOldGen       total 349696K, used 349694K [0x00000000e0000000, 0x00000000f5580000, 0x00000000f5580000)
  object space 349696K, 99% used [0x00000000e0000000,0x00000000f557f970,0x00000000f5580000)
 Metaspace       used 58883K, committed 60032K, reserved 1105920K
  class space    used 5880K, committed 6400K, reserved 1048576K
}
Event: 1151.326 GC heap after
{Heap after GC invocations=593 (full 480):
 PSYoungGen      total 38912K, used 28173K [0x00000000f5580000, 0x00000000faf80000, 0x0000000100000000)
  eden space 23552K, 100% used [0x00000000f5580000,0x00000000f6c80000,0x00000000f6c80000)
  from space 15360K, 30% used [0x00000000f6c80000,0x00000000f71036f8,0x00000000f7b80000)
  to   space 32768K, 0% used [0x00000000f8f80000,0x00000000f8f80000,0x00000000faf80000)
 ParOldGen       total 349696K, used 349693K [0x00000000e0000000, 0x00000000f5580000, 0x00000000f5580000)
  object space 349696K, 99% used [0x00000000e0000000,0x00000000f557f4a0,0x00000000f5580000)
 Metaspace       used 58883K, committed 60032K, reserved 1105920K
  class space    used 5880K, committed 6400K, reserved 1048576K
}
Event: 1151.334 GC heap before
{Heap before GC invocations=594 (full 481):
 PSYoungGen      total 38912K, used 28173K [0x00000000f5580000, 0x00000000faf80000, 0x0000000100000000)
  eden space 23552K, 100% used [0x00000000f5580000,0x00000000f6c80000,0x00000000f6c80000)
  from space 15360K, 30% used [0x00000000f6c80000,0x00000000f71036f8,0x00000000f7b80000)
  to   space 32768K, 0% used [0x00000000f8f80000,0x00000000f8f80000,0x00000000faf80000)
 ParOldGen       total 349696K, used 349695K [0x00000000e0000000, 0x00000000f5580000, 0x00000000f5580000)
  object space 349696K, 99% used [0x00000000e0000000,0x00000000f557ffe8,0x00000000f5580000)
 Metaspace       used 58886K, committed 60032K, reserved 1105920K
  class space    used 5881K, committed 6400K, reserved 1048576K
}
Event: 1153.424 GC heap after
{Heap after GC invocations=594 (full 481):
 PSYoungGen      total 38912K, used 28173K [0x00000000f5580000, 0x00000000faf80000, 0x0000000100000000)
  eden space 23552K, 100% used [0x00000000f5580000,0x00000000f6c80000,0x00000000f6c80000)
  from space 15360K, 30% used [0x00000000f6c80000,0x00000000f71036f8,0x00000000f7b80000)
  to   space 32768K, 0% used [0x00000000f8f80000,0x00000000f8f80000,0x00000000faf80000)
 ParOldGen       total 349696K, used 349694K [0x00000000e0000000, 0x00000000f5580000, 0x00000000f5580000)
  object space 349696K, 99% used [0x00000000e0000000,0x00000000f557f8f0,0x00000000f5580000)
 Metaspace       used 58886K, committed 60032K, reserved 1105920K
  class space    used 5881K, committed 6400K, reserved 1048576K
}
Event: 1153.430 GC heap before
{Heap before GC invocations=595 (full 482):
 PSYoungGen      total 38912K, used 28173K [0x00000000f5580000, 0x00000000faf80000, 0x0000000100000000)
  eden space 23552K, 100% used [0x00000000f5580000,0x00000000f6c80000,0x00000000f6c80000)
  from space 15360K, 30% used [0x00000000f6c80000,0x00000000f71036f8,0x00000000f7b80000)
  to   space 32768K, 0% used [0x00000000f8f80000,0x00000000f8f80000,0x00000000faf80000)
 ParOldGen       total 349696K, used 349695K [0x00000000e0000000, 0x00000000f5580000, 0x00000000f5580000)
  object space 349696K, 99% used [0x00000000e0000000,0x00000000f557ffa8,0x00000000f5580000)
 Metaspace       used 58887K, committed 60032K, reserved 1105920K
  class space    used 5881K, committed 6400K, reserved 1048576K
}
Event: 1155.563 GC heap after
{Heap after GC invocations=595 (full 482):
 PSYoungGen      total 38912K, used 28173K [0x00000000f5580000, 0x00000000faf80000, 0x0000000100000000)
  eden space 23552K, 100% used [0x00000000f5580000,0x00000000f6c80000,0x00000000f6c80000)
  from space 15360K, 30% used [0x00000000f6c80000,0x00000000f71036f8,0x00000000f7b80000)
  to   space 32768K, 0% used [0x00000000f8f80000,0x00000000f8f80000,0x00000000faf80000)
 ParOldGen       total 349696K, used 349695K [0x00000000e0000000, 0x00000000f5580000, 0x00000000f5580000)
  object space 349696K, 99% used [0x00000000e0000000,0x00000000f557ff18,0x00000000f5580000)
 Metaspace       used 58887K, committed 60032K, reserved 1105920K
  class space    used 5881K, committed 6400K, reserved 1048576K
}
Event: 1155.564 GC heap before
{Heap before GC invocations=596 (full 483):
 PSYoungGen      total 38912K, used 28173K [0x00000000f5580000, 0x00000000faf80000, 0x0000000100000000)
  eden space 23552K, 100% used [0x00000000f5580000,0x00000000f6c80000,0x00000000f6c80000)
  from space 15360K, 30% used [0x00000000f6c80000,0x00000000f71036f8,0x00000000f7b80000)
  to   space 32768K, 0% used [0x00000000f8f80000,0x00000000f8f80000,0x00000000faf80000)
 ParOldGen       total 349696K, used 349695K [0x00000000e0000000, 0x00000000f5580000, 0x00000000f5580000)
  object space 349696K, 99% used [0x00000000e0000000,0x00000000f557ffa8,0x00000000f5580000)
 Metaspace       used 58887K, committed 60032K, reserved 1105920K
  class space    used 5881K, committed 6400K, reserved 1048576K
}
Event: 1157.608 GC heap after
{Heap after GC invocations=596 (full 483):
 PSYoungGen      total 38912K, used 28173K [0x00000000f5580000, 0x00000000faf80000, 0x0000000100000000)
  eden space 23552K, 100% used [0x00000000f5580000,0x00000000f6c80000,0x00000000f6c80000)
  from space 15360K, 30% used [0x00000000f6c80000,0x00000000f71036f8,0x00000000f7b80000)
  to   space 32768K, 0% used [0x00000000f8f80000,0x00000000f8f80000,0x00000000faf80000)
 ParOldGen       total 349696K, used 349695K [0x00000000e0000000, 0x00000000f5580000, 0x00000000f5580000)
  object space 349696K, 99% used [0x00000000e0000000,0x00000000f557ff50,0x00000000f5580000)
 Metaspace       used 58887K, committed 60032K, reserved 1105920K
  class space    used 5881K, committed 6400K, reserved 1048576K
}
Event: 1157.609 GC heap before
{Heap before GC invocations=597 (full 484):
 PSYoungGen      total 38912K, used 28173K [0x00000000f5580000, 0x00000000faf80000, 0x0000000100000000)
  eden space 23552K, 100% used [0x00000000f5580000,0x00000000f6c80000,0x00000000f6c80000)
  from space 15360K, 30% used [0x00000000f6c80000,0x00000000f71036f8,0x00000000f7b80000)
  to   space 32768K, 0% used [0x00000000f8f80000,0x00000000f8f80000,0x00000000faf80000)
 ParOldGen       total 349696K, used 349695K [0x00000000e0000000, 0x00000000f5580000, 0x00000000f5580000)
  object space 349696K, 99% used [0x00000000e0000000,0x00000000f557ffc0,0x00000000f5580000)
 Metaspace       used 58887K, committed 60032K, reserved 1105920K
  class space    used 5881K, committed 6400K, reserved 1048576K
}
Event: 1159.483 GC heap after
{Heap after GC invocations=597 (full 484):
 PSYoungGen      total 38912K, used 28173K [0x00000000f5580000, 0x00000000faf80000, 0x0000000100000000)
  eden space 23552K, 100% used [0x00000000f5580000,0x00000000f6c80000,0x00000000f6c80000)
  from space 15360K, 30% used [0x00000000f6c80000,0x00000000f71036f8,0x00000000f7b80000)
  to   space 32768K, 0% used [0x00000000f8f80000,0x00000000f8f80000,0x00000000faf80000)
 ParOldGen       total 349696K, used 349695K [0x00000000e0000000, 0x00000000f5580000, 0x00000000f5580000)
  object space 349696K, 99% used [0x00000000e0000000,0x00000000f557ffc0,0x00000000f5580000)
 Metaspace       used 58887K, committed 60032K, reserved 1105920K
  class space    used 5881K, committed 6400K, reserved 1048576K
}
Event: 1159.483 GC heap before
{Heap before GC invocations=598 (full 485):
 PSYoungGen      total 38912K, used 28173K [0x00000000f5580000, 0x00000000faf80000, 0x0000000100000000)
  eden space 23552K, 100% used [0x00000000f5580000,0x00000000f6c80000,0x00000000f6c80000)
  from space 15360K, 30% used [0x00000000f6c80000,0x00000000f71036f8,0x00000000f7b80000)
  to   space 32768K, 0% used [0x00000000f8f80000,0x00000000f8f80000,0x00000000faf80000)
 ParOldGen       total 349696K, used 349695K [0x00000000e0000000, 0x00000000f5580000, 0x00000000f5580000)
  object space 349696K, 99% used [0x00000000e0000000,0x00000000f557ffc0,0x00000000f5580000)
 Metaspace       used 58887K, committed 60032K, reserved 1105920K
  class space    used 5881K, committed 6400K, reserved 1048576K
}
Event: 1161.482 GC heap after
{Heap after GC invocations=598 (full 485):
 PSYoungGen      total 38912K, used 28173K [0x00000000f5580000, 0x00000000faf80000, 0x0000000100000000)
  eden space 23552K, 100% used [0x00000000f5580000,0x00000000f6c80000,0x00000000f6c80000)
  from space 15360K, 30% used [0x00000000f6c80000,0x00000000f71036f8,0x00000000f7b80000)
  to   space 32768K, 0% used [0x00000000f8f80000,0x00000000f8f80000,0x00000000faf80000)
 ParOldGen       total 349696K, used 349694K [0x00000000e0000000, 0x00000000f5580000, 0x00000000f5580000)
  object space 349696K, 99% used [0x00000000e0000000,0x00000000f557fa50,0x00000000f5580000)
 Metaspace       used 58887K, committed 60032K, reserved 1105920K
  class space    used 5881K, committed 6400K, reserved 1048576K
}
Event: 1161.484 GC heap before
{Heap before GC invocations=599 (full 486):
 PSYoungGen      total 38912K, used 28173K [0x00000000f5580000, 0x00000000faf80000, 0x0000000100000000)
  eden space 23552K, 100% used [0x00000000f5580000,0x00000000f6c80000,0x00000000f6c80000)
  from space 15360K, 30% used [0x00000000f6c80000,0x00000000f71036f8,0x00000000f7b80000)
  to   space 32768K, 0% used [0x00000000f8f80000,0x00000000f8f80000,0x00000000faf80000)
 ParOldGen       total 349696K, used 349695K [0x00000000e0000000, 0x00000000f5580000, 0x00000000f5580000)
  object space 349696K, 99% used [0x00000000e0000000,0x00000000f557ffe8,0x00000000f5580000)
 Metaspace       used 58911K, committed 60032K, reserved 1105920K
  class space    used 5884K, committed 6400K, reserved 1048576K
}
Event: 1163.459 GC heap after
{Heap after GC invocations=599 (full 486):
 PSYoungGen      total 38912K, used 28173K [0x00000000f5580000, 0x00000000faf80000, 0x0000000100000000)
  eden space 23552K, 100% used [0x00000000f5580000,0x00000000f6c80000,0x00000000f6c80000)
  from space 15360K, 30% used [0x00000000f6c80000,0x00000000f71036f8,0x00000000f7b80000)
  to   space 32768K, 0% used [0x00000000f8f80000,0x00000000f8f80000,0x00000000faf80000)
 ParOldGen       total 349696K, used 349695K [0x00000000e0000000, 0x00000000f5580000, 0x00000000f5580000)
  object space 349696K, 99% used [0x00000000e0000000,0x00000000f557feb0,0x00000000f5580000)
 Metaspace       used 58911K, committed 60032K, reserved 1105920K
  class space    used 5884K, committed 6400K, reserved 1048576K
}
Event: 1163.459 GC heap before
{Heap before GC invocations=600 (full 487):
 PSYoungGen      total 38912K, used 28173K [0x00000000f5580000, 0x00000000faf80000, 0x0000000100000000)
  eden space 23552K, 100% used [0x00000000f5580000,0x00000000f6c80000,0x00000000f6c80000)
  from space 15360K, 30% used [0x00000000f6c80000,0x00000000f71036f8,0x00000000f7b80000)
  to   space 32768K, 0% used [0x00000000f8f80000,0x00000000f8f80000,0x00000000faf80000)
 ParOldGen       total 349696K, used 349695K [0x00000000e0000000, 0x00000000f5580000, 0x00000000f5580000)
  object space 349696K, 99% used [0x00000000e0000000,0x00000000f557fff8,0x00000000f5580000)
 Metaspace       used 58911K, committed 60032K, reserved 1105920K
  class space    used 5884K, committed 6400K, reserved 1048576K
}
Event: 1165.125 GC heap after
{Heap after GC invocations=600 (full 487):
 PSYoungGen      total 38912K, used 28173K [0x00000000f5580000, 0x00000000faf80000, 0x0000000100000000)
  eden space 23552K, 100% used [0x00000000f5580000,0x00000000f6c80000,0x00000000f6c80000)
  from space 15360K, 30% used [0x00000000f6c80000,0x00000000f71036f8,0x00000000f7b80000)
  to   space 32768K, 0% used [0x00000000f8f80000,0x00000000f8f80000,0x00000000faf80000)
 ParOldGen       total 349696K, used 349695K [0x00000000e0000000, 0x00000000f5580000, 0x00000000f5580000)
  object space 349696K, 99% used [0x00000000e0000000,0x00000000f557fee8,0x00000000f5580000)
 Metaspace       used 58911K, committed 60032K, reserved 1105920K
  class space    used 5884K, committed 6400K, reserved 1048576K
}
Event: 1165.125 GC heap before
{Heap before GC invocations=601 (full 488):
 PSYoungGen      total 38912K, used 28173K [0x00000000f5580000, 0x00000000faf80000, 0x0000000100000000)
  eden space 23552K, 100% used [0x00000000f5580000,0x00000000f6c80000,0x00000000f6c80000)
  from space 15360K, 30% used [0x00000000f6c80000,0x00000000f71036f8,0x00000000f7b80000)
  to   space 32768K, 0% used [0x00000000f8f80000,0x00000000f8f80000,0x00000000faf80000)
 ParOldGen       total 349696K, used 349695K [0x00000000e0000000, 0x00000000f5580000, 0x00000000f5580000)
  object space 349696K, 99% used [0x00000000e0000000,0x00000000f557fff0,0x00000000f5580000)
 Metaspace       used 58911K, committed 60032K, reserved 1105920K
  class space    used 5884K, committed 6400K, reserved 1048576K
}
Event: 1167.224 GC heap after
{Heap after GC invocations=601 (full 488):
 PSYoungGen      total 38912K, used 28173K [0x00000000f5580000, 0x00000000faf80000, 0x0000000100000000)
  eden space 23552K, 100% used [0x00000000f5580000,0x00000000f6c80000,0x00000000f6c80000)
  from space 15360K, 30% used [0x00000000f6c80000,0x00000000f71036f8,0x00000000f7b80000)
  to   space 32768K, 0% used [0x00000000f8f80000,0x00000000f8f80000,0x00000000faf80000)
 ParOldGen       total 349696K, used 349695K [0x00000000e0000000, 0x00000000f5580000, 0x00000000f5580000)
  object space 349696K, 99% used [0x00000000e0000000,0x00000000f557ff70,0x00000000f5580000)
 Metaspace       used 58911K, committed 60032K, reserved 1105920K
  class space    used 5884K, committed 6400K, reserved 1048576K
}
Event: 1167.224 GC heap before
{Heap before GC invocations=602 (full 489):
 PSYoungGen      total 38912K, used 28173K [0x00000000f5580000, 0x00000000faf80000, 0x0000000100000000)
  eden space 23552K, 100% used [0x00000000f5580000,0x00000000f6c80000,0x00000000f6c80000)
  from space 15360K, 30% used [0x00000000f6c80000,0x00000000f71036f8,0x00000000f7b80000)
  to   space 32768K, 0% used [0x00000000f8f80000,0x00000000f8f80000,0x00000000faf80000)
 ParOldGen       total 349696K, used 349695K [0x00000000e0000000, 0x00000000f5580000, 0x00000000f5580000)
  object space 349696K, 99% used [0x00000000e0000000,0x00000000f557ff70,0x00000000f5580000)
 Metaspace       used 58911K, committed 60032K, reserved 1105920K
  class space    used 5884K, committed 6400K, reserved 1048576K
}
Event: 1169.107 GC heap after
{Heap after GC invocations=602 (full 489):
 PSYoungGen      total 38912K, used 28173K [0x00000000f5580000, 0x00000000faf80000, 0x0000000100000000)
  eden space 23552K, 100% used [0x00000000f5580000,0x00000000f6c80000,0x00000000f6c80000)
  from space 15360K, 30% used [0x00000000f6c80000,0x00000000f71036f8,0x00000000f7b80000)
  to   space 32768K, 0% used [0x00000000f8f80000,0x00000000f8f80000,0x00000000faf80000)
 ParOldGen       total 349696K, used 349695K [0x00000000e0000000, 0x00000000f5580000, 0x00000000f5580000)
  object space 349696K, 99% used [0x00000000e0000000,0x00000000f557ff70,0x00000000f5580000)
 Metaspace       used 58911K, committed 60032K, reserved 1105920K
  class space    used 5884K, committed 6400K, reserved 1048576K
}

